#
# A fatal error has been detected by the Java Runtime Environment:
#
#  EXCEPTION_ACCESS_VIOLATION (0xc0000005) at pc=0x0000000069a98d85, pid=5764, tid=4864
#
# JRE version: Java(TM) SE Runtime Environment (8.0_77-b03) (build 1.8.0_77-b03)
# Java VM: Java HotSpot(TM) 64-Bit Server VM (25.77-b03 mixed mode windows-amd64 compressed oops)
# Problematic frame:
# V  [jvm.dll+0x128d85]
#
# Failed to write core dump. Minidumps are not enabled by default on client versions of Windows
#
# If you would like to submit a bug report, please visit:
#   http://bugreport.java.com/bugreport/crash.jsp
#

---------------  T H R E A D  ---------------

Current thread (0x000000005636a800):  JavaThread "JDWP Transport Listener: dt_socket" daemon [_thread_in_vm, id=4864, stack(0x00000000570c0000,0x00000000571c0000)]

siginfo: ExceptionCode=0xc0000005, reading address 0xffffffffffffffff

Registers:
RAX=0x00000000571bf601, RBX=0x000000005636a800, RCX=0x53726168432f676e, RDX=0x0000000000000000
RSP=0x00000000571bf5d0, RBP=0x53726168432f676e, RSI=0x00000000571bf6e8, RDI=0x000000000028ccb0
R8 =0x000000005636a800, R9 =0x000004800013000a, R10=0x0000000000000000, R11=0x00000000571bf821
R12=0x0000000000000000, R13=0x000000005636bda8, R14=0x0000000000000000, R15=0x0000000000000000
RIP=0x0000000069a98d85, EFLAGS=0x0000000000010202

Top of Stack: (sp=0x00000000571bf5d0)
0x00000000571bf5d0:   000000005636a800 000000005636a800
0x00000000571bf5e0:   00000000571bf698 0000000069c9e33b
0x00000000571bf5f0:   000000005636a800 0000000069cbab9d
0x00000000571bf600:   0000000000000000 000000006a5f9155
0x00000000571bf610:   00000000581e5788 000000006a60291e
0x00000000571bf620:   000000005636a800 0000000000000000
0x00000000571bf630:   0000000000000000 0000000000000000
0x00000000571bf640:   53726168432f676e 000000006a601a15
0x00000000571bf650:   00000000571bf6e8 00000000571bf6c0
0x00000000571bf660:   0000000000000001 00000000581e5788
0x00000000571bf670:   53726168432f676e 000000006a5e53b3
0x00000000571bf680:   00000000571bf7b0 0000000000000001
0x00000000571bf690:   0000000000000001 00000000581e5788
0x00000000571bf6a0:   0000000000000001 0000000000000000
0x00000000571bf6b0:   0000000000000000 0000000000000000
0x00000000571bf6c0:   0000000000000001 000000006a5e5571 

Instructions: (pc=0x0000000069a98d85)
0x0000000069a98d65:   cc cc cc cc cc cc cc cc cc cc cc 48 83 ec 28 48
0x0000000069a98d75:   85 c9 75 07 33 c0 48 83 c4 28 c3 48 89 5c 24 20
0x0000000069a98d85:   48 8b 19 48 85 db 74 20 48 83 fb 37 74 1a 48 8b
0x0000000069a98d95:   13 48 8b cb ff 52 10 84 c0 74 0d 48 8b c3 48 8b 


Register to memory mapping:

RAX=0x00000000571bf601 is pointing into the stack for thread: 0x000000005636a800
RBX=0x000000005636a800 is a thread
RCX=0x53726168432f676e is an unknown value
RDX=0x0000000000000000 is an unknown value
RSP=0x00000000571bf5d0 is pointing into the stack for thread: 0x000000005636a800
RBP=0x53726168432f676e is an unknown value
RSI=0x00000000571bf6e8 is pointing into the stack for thread: 0x000000005636a800
RDI=0x000000000028ccb0 is an unknown value
R8 =0x000000005636a800 is a thread
R9 =0x000004800013000a is an unknown value
R10=0x0000000000000000 is an unknown value
R11=0x00000000571bf821 is pointing into the stack for thread: 0x000000005636a800
R12=0x0000000000000000 is an unknown value
R13=0x000000005636bda8 is an unknown value
R14=0x0000000000000000 is an unknown value
R15=0x0000000000000000 is an unknown value


Stack: [0x00000000570c0000,0x00000000571c0000],  sp=0x00000000571bf5d0,  free space=1021k
Native frames: (J=compiled Java code, j=interpreted, Vv=VM code, C=native code)
V  [jvm.dll+0x128d85]
V  [jvm.dll+0x34ab9d]
C  [jdwp.dll+0x21a15]
C  [jdwp.dll+0x53b3]
C  [jdwp.dll+0x5571]
C  [jdwp.dll+0xf0a8]
C  [jdwp.dll+0x1f2d5]
C  [jdwp.dll+0x1f4aa]
V  [jvm.dll+0x1bba58]
V  [jvm.dll+0x243434]
V  [jvm.dll+0x29a27a]
C  [msvcr100.dll+0x21d9f]
C  [msvcr100.dll+0x21e3b]
C  [kernel32.dll+0x1f56d]
C  [ntdll.dll+0x33281]


---------------  P R O C E S S  ---------------

Java Threads: ( => current thread )
  0x000000005973a800 JavaThread "http-nio-8080-exec-1" daemon [_thread_blocked, id=6876, stack(0x00000000574a0000,0x00000000575a0000)]
  0x0000000059739800 JavaThread "DestroyJavaVM" [_thread_blocked, id=6548, stack(0x00000000022e0000,0x00000000023e0000)]
  0x000000005a54b800 JavaThread "http-nio-8080-Acceptor-0" daemon [_thread_in_native, id=4100, stack(0x000000005eb50000,0x000000005ec50000)]
  0x000000005b607000 JavaThread "http-nio-8080-ClientPoller-1" daemon [_thread_in_native, id=2852, stack(0x000000005e790000,0x000000005e890000)]
  0x000000005b606800 JavaThread "http-nio-8080-ClientPoller-0" daemon [_thread_in_native, id=6568, stack(0x000000005e480000,0x000000005e580000)]
  0x000000005d610800 JavaThread "NioBlockingSelector.BlockPoller-1" daemon [_thread_in_native, id=704, stack(0x000000005e590000,0x000000005e690000)]
  0x000000005c16b800 JavaThread "container-0" [_thread_blocked, id=6492, stack(0x000000005cdd0000,0x000000005ced0000)]
  0x000000005d40f000 JavaThread "ContainerBackgroundProcessor[StandardEngine[Tomcat].StandardHost[localhost].StandardContext[]]" daemon [_thread_blocked, id=3448, stack(0x000000005c4d0000,0x000000005c5d0000)]
  0x0000000057b63800 JavaThread "RMI TCP Accept-0" daemon [_thread_in_native, id=7088, stack(0x0000000058690000,0x0000000058790000)]
  0x0000000057b60800 JavaThread "RMI TCP Accept-51483" daemon [_thread_in_native, id=5404, stack(0x00000000584a0000,0x00000000585a0000)]
  0x0000000057b53000 JavaThread "RMI TCP Accept-0" daemon [_thread_in_native, id=5936, stack(0x0000000058310000,0x0000000058410000)]
  0x00000000563e5000 JavaThread "Service Thread" daemon [_thread_blocked, id=4948, stack(0x00000000579e0000,0x0000000057ae0000)]
  0x00000000563e3800 JavaThread "C1 CompilerThread2" daemon [_thread_blocked, id=352, stack(0x0000000057840000,0x0000000057940000)]
  0x00000000563e1000 JavaThread "C2 CompilerThread1" daemon [_thread_blocked, id=3544, stack(0x00000000575d0000,0x00000000576d0000)]
  0x0000000056385000 JavaThread "C2 CompilerThread0" daemon [_thread_blocked, id=3828, stack(0x0000000057230000,0x0000000057330000)]
  0x000000005637a800 JavaThread "JDWP Command Reader" daemon [_thread_in_native, id=3192, stack(0x00000000573a0000,0x00000000574a0000)]
  0x0000000056375800 JavaThread "JDWP Event Helper Thread" daemon [_thread_blocked, id=6916, stack(0x0000000056e60000,0x0000000056f60000)]
=>0x000000005636a800 JavaThread "JDWP Transport Listener: dt_socket" daemon [_thread_in_vm, id=4864, stack(0x00000000570c0000,0x00000000571c0000)]
  0x0000000054fbe800 JavaThread "Attach Listener" daemon [_thread_blocked, id=3980, stack(0x00000000568e0000,0x00000000569e0000)]
  0x0000000054fbd800 JavaThread "Signal Dispatcher" daemon [_thread_blocked, id=5696, stack(0x00000000567a0000,0x00000000568a0000)]
  0x0000000054f9f800 JavaThread "Finalizer" daemon [_thread_blocked, id=4280, stack(0x0000000055ed0000,0x0000000055fd0000)]
  0x0000000054f58800 JavaThread "Reference Handler" daemon [_thread_blocked, id=5164, stack(0x0000000056260000,0x0000000056360000)]

Other Threads:
  0x0000000054f4c800 VMThread [stack: 0x0000000056040000,0x0000000056140000] [id=1952]
  0x0000000057b68000 WatcherThread [stack: 0x00000000587a0000,0x00000000588a0000] [id=2744]

VM state:not at safepoint (normal execution)

VM Mutex/Monitor currently owned by a thread: None

Heap:
 PSYoungGen      total 117760K, used 104003K [0x00000000eb600000, 0x00000000f4180000, 0x0000000100000000)
  eden space 110080K, 87% used [0x00000000eb600000,0x00000000f141a560,0x00000000f2180000)
  from space 7680K, 99% used [0x00000000f3a00000,0x00000000f41767f0,0x00000000f4180000)
  to   space 9216K, 0% used [0x00000000f2f80000,0x00000000f2f80000,0x00000000f3880000)
 ParOldGen       total 33280K, used 8725K [0x00000000c2200000, 0x00000000c4280000, 0x00000000eb600000)
  object space 33280K, 26% used [0x00000000c2200000,0x00000000c2a85718,0x00000000c4280000)
 Metaspace       used 32149K, capacity 32492K, committed 32896K, reserved 1077248K
  class space    used 3993K, capacity 4107K, committed 4224K, reserved 1048576K

Card table byte_map: [0x0000000011a70000,0x0000000011c60000] byte_map_base: 0x000000001145f000

Marking Bits: (ParMarkBitMap*) 0x000000006a180600
 Begin Bits: [0x00000000124e0000, 0x0000000013458000)
 End Bits:   [0x0000000013458000, 0x00000000143d0000)

Polling page: 0x0000000000230000

CodeCache: size=245760Kb used=11212Kb max_used=11409Kb free=234547Kb
 bounds [0x00000000026b0000, 0x0000000003210000, 0x00000000116b0000]
 total_blobs=3287 nmethods=2885 adapters=323
 compilation: enabled

Compilation events (10 events):
Event: 177.868 Thread 0x00000000563e3800 3328       3       sun.nio.ch.WindowsSelectorImpl$SubSelector::poll (47 bytes)
Event: 177.869 Thread 0x00000000563e3800 nmethod 3328 0x0000000002d29950 code [0x0000000002d29ae0, 0x0000000002d29de8]
Event: 177.869 Thread 0x00000000563e3800 3329       3       sun.nio.ch.WindowsSelectorImpl::access$1600 (5 bytes)
Event: 177.869 Thread 0x00000000563e3800 nmethod 3329 0x0000000002853f50 code [0x00000000028540a0, 0x00000000028541d0]
Event: 177.870 Thread 0x00000000563e3800 3326       3       sun.nio.ch.WindowsSelectorImpl::updateSelectedKeys (74 bytes)
Event: 177.871 Thread 0x00000000563e3800 nmethod 3326 0x000000000286df50 code [0x000000000286e120, 0x000000000286e848]
Event: 198.874 Thread 0x00000000563e3800 3331       3       org.apache.tomcat.util.net.NioEndpoint::access$600 (5 bytes)
Event: 198.874 Thread 0x00000000563e3800 nmethod 3331 0x0000000002966150 code [0x00000000029662a0, 0x00000000029663d0]
Event: 200.056 Thread 0x00000000563e3800 3332       3       java.util.concurrent.atomic.AtomicInteger::set (6 bytes)
Event: 200.056 Thread 0x00000000563e3800 nmethod 3332 0x0000000002e9e790 code [0x0000000002e9e8e0, 0x0000000002e9ea30]

GC Heap History (10 events):
Event: 2.643 GC heap before
{Heap before GC invocations=5 (full 0):
 PSYoungGen      total 34304K, used 34304K [0x00000000eb600000, 0x00000000eda00000, 0x0000000100000000)
  eden space 31744K, 100% used [0x00000000eb600000,0x00000000ed500000,0x00000000ed500000)
  from space 2560K, 100% used [0x00000000ed780000,0x00000000eda00000,0x00000000eda00000)
  to   space 2560K, 0% used [0x00000000ed500000,0x00000000ed500000,0x00000000ed780000)
 ParOldGen       total 42496K, used 10253K [0x00000000c2200000, 0x00000000c4b80000, 0x00000000eb600000)
  object space 42496K, 24% used [0x00000000c2200000,0x00000000c2c03760,0x00000000c4b80000)
 Metaspace       used 19056K, capacity 19258K, committed 19584K, reserved 1067008K
  class space    used 2306K, capacity 2358K, committed 2432K, reserved 1048576K
Event: 2.680 GC heap after
Heap after GC invocations=5 (full 0):
 PSYoungGen      total 34304K, used 2528K [0x00000000eb600000, 0x00000000f0400000, 0x0000000100000000)
  eden space 31744K, 0% used [0x00000000eb600000,0x00000000eb600000,0x00000000ed500000)
  from space 2560K, 98% used [0x00000000ed500000,0x00000000ed778020,0x00000000ed780000)
  to   space 8192K, 0% used [0x00000000efc00000,0x00000000efc00000,0x00000000f0400000)
 ParOldGen       total 42496K, used 13949K [0x00000000c2200000, 0x00000000c4b80000, 0x00000000eb600000)
  object space 42496K, 32% used [0x00000000c2200000,0x00000000c2f9f438,0x00000000c4b80000)
 Metaspace       used 19056K, capacity 19258K, committed 19584K, reserved 1067008K
  class space    used 2306K, capacity 2358K, committed 2432K, reserved 1048576K
}
Event: 3.506 GC heap before
{Heap before GC invocations=6 (full 0):
 PSYoungGen      total 34304K, used 34272K [0x00000000eb600000, 0x00000000f0400000, 0x0000000100000000)
  eden space 31744K, 100% used [0x00000000eb600000,0x00000000ed500000,0x00000000ed500000)
  from space 2560K, 98% used [0x00000000ed500000,0x00000000ed778020,0x00000000ed780000)
  to   space 8192K, 0% used [0x00000000efc00000,0x00000000efc00000,0x00000000f0400000)
 ParOldGen       total 42496K, used 13949K [0x00000000c2200000, 0x00000000c4b80000, 0x00000000eb600000)
  object space 42496K, 32% used [0x00000000c2200000,0x00000000c2f9f438,0x00000000c4b80000)
 Metaspace       used 20750K, capacity 20914K, committed 21120K, reserved 1067008K
  class space    used 2544K, capacity 2586K, committed 2688K, reserved 1048576K
Event: 3.565 GC heap after
Heap after GC invocations=6 (full 0):
 PSYoungGen      total 70656K, used 5522K [0x00000000eb600000, 0x00000000f0300000, 0x0000000100000000)
  eden space 63488K, 0% used [0x00000000eb600000,0x00000000eb600000,0x00000000ef400000)
  from space 7168K, 77% used [0x00000000efc00000,0x00000000f0164860,0x00000000f0300000)
  to   space 7680K, 0% used [0x00000000ef400000,0x00000000ef400000,0x00000000efb80000)
 ParOldGen       total 42496K, used 13949K [0x00000000c2200000, 0x00000000c4b80000, 0x00000000eb600000)
  object space 42496K, 32% used [0x00000000c2200000,0x00000000c2f9f438,0x00000000c4b80000)
 Metaspace       used 20750K, capacity 20914K, committed 21120K, reserved 1067008K
  class space    used 2544K, capacity 2586K, committed 2688K, reserved 1048576K
}
Event: 3.676 GC heap before
{Heap before GC invocations=7 (full 0):
 PSYoungGen      total 70656K, used 8597K [0x00000000eb600000, 0x00000000f0300000, 0x0000000100000000)
  eden space 63488K, 4% used [0x00000000eb600000,0x00000000eb900f90,0x00000000ef400000)
  from space 7168K, 77% used [0x00000000efc00000,0x00000000f0164860,0x00000000f0300000)
  to   space 7680K, 0% used [0x00000000ef400000,0x00000000ef400000,0x00000000efb80000)
 ParOldGen       total 42496K, used 13949K [0x00000000c2200000, 0x00000000c4b80000, 0x00000000eb600000)
  object space 42496K, 32% used [0x00000000c2200000,0x00000000c2f9f438,0x00000000c4b80000)
 Metaspace       used 20953K, capacity 21144K, committed 21296K, reserved 1069056K
  class space    used 2559K, capacity 2619K, committed 2688K, reserved 1048576K
Event: 3.708 GC heap after
Heap after GC invocations=7 (full 0):
 PSYoungGen      total 71168K, used 2384K [0x00000000eb600000, 0x00000000f4200000, 0x0000000100000000)
  eden space 63488K, 0% used [0x00000000eb600000,0x00000000eb600000,0x00000000ef400000)
  from space 7680K, 31% used [0x00000000ef400000,0x00000000ef654010,0x00000000efb80000)
  to   space 8192K, 0% used [0x00000000f3a00000,0x00000000f3a00000,0x00000000f4200000)
 ParOldGen       total 42496K, used 15273K [0x00000000c2200000, 0x00000000c4b80000, 0x00000000eb600000)
  object space 42496K, 35% used [0x00000000c2200000,0x00000000c30ea7c0,0x00000000c4b80000)
 Metaspace       used 20953K, capacity 21144K, committed 21296K, reserved 1069056K
  class space    used 2559K, capacity 2619K, committed 2688K, reserved 1048576K
}
Event: 3.708 GC heap before
{Heap before GC invocations=8 (full 1):
 PSYoungGen      total 71168K, used 2384K [0x00000000eb600000, 0x00000000f4200000, 0x0000000100000000)
  eden space 63488K, 0% used [0x00000000eb600000,0x00000000eb600000,0x00000000ef400000)
  from space 7680K, 31% used [0x00000000ef400000,0x00000000ef654010,0x00000000efb80000)
  to   space 8192K, 0% used [0x00000000f3a00000,0x00000000f3a00000,0x00000000f4200000)
 ParOldGen       total 42496K, used 15273K [0x00000000c2200000, 0x00000000c4b80000, 0x00000000eb600000)
  object space 42496K, 35% used [0x00000000c2200000,0x00000000c30ea7c0,0x00000000c4b80000)
 Metaspace       used 20953K, capacity 21144K, committed 21296K, reserved 1069056K
  class space    used 2559K, capacity 2619K, committed 2688K, reserved 1048576K
Event: 3.804 GC heap after
Heap after GC invocations=8 (full 1):
 PSYoungGen      total 71168K, used 0K [0x00000000eb600000, 0x00000000f4200000, 0x0000000100000000)
  eden space 63488K, 0% used [0x00000000eb600000,0x00000000eb600000,0x00000000ef400000)
  from space 7680K, 0% used [0x00000000ef400000,0x00000000ef400000,0x00000000efb80000)
  to   space 8192K, 0% used [0x00000000f3a00000,0x00000000f3a00000,0x00000000f4200000)
 ParOldGen       total 33280K, used 8717K [0x00000000c2200000, 0x00000000c4280000, 0x00000000eb600000)
  object space 33280K, 26% used [0x00000000c2200000,0x00000000c2a83718,0x00000000c4280000)
 Metaspace       used 20953K, capacity 21144K, committed 21296K, reserved 1069056K
  class space    used 2559K, capacity 2619K, committed 2688K, reserved 1048576K
}
Event: 5.691 GC heap before
{Heap before GC invocations=9 (full 1):
 PSYoungGen      total 71168K, used 63488K [0x00000000eb600000, 0x00000000f4200000, 0x0000000100000000)
  eden space 63488K, 100% used [0x00000000eb600000,0x00000000ef400000,0x00000000ef400000)
  from space 7680K, 0% used [0x00000000ef400000,0x00000000ef400000,0x00000000efb80000)
  to   space 8192K, 0% used [0x00000000f3a00000,0x00000000f3a00000,0x00000000f4200000)
 ParOldGen       total 33280K, used 8717K [0x00000000c2200000, 0x00000000c4280000, 0x00000000eb600000)
  object space 33280K, 26% used [0x00000000c2200000,0x00000000c2a83718,0x00000000c4280000)
 Metaspace       used 25712K, capacity 25954K, committed 26240K, reserved 1073152K
  class space    used 3115K, capacity 3170K, committed 3200K, reserved 1048576K
Event: 5.707 GC heap after
Heap after GC invocations=9 (full 1):
 PSYoungGen      total 117760K, used 7641K [0x00000000eb600000, 0x00000000f4180000, 0x0000000100000000)
  eden space 110080K, 0% used [0x00000000eb600000,0x00000000eb600000,0x00000000f2180000)
  from space 7680K, 99% used [0x00000000f3a00000,0x00000000f41767f0,0x00000000f4180000)
  to   space 9216K, 0% used [0x00000000f2f80000,0x00000000f2f80000,0x00000000f3880000)
 ParOldGen       total 33280K, used 8725K [0x00000000c2200000, 0x00000000c4280000, 0x00000000eb600000)
  object space 33280K, 26% used [0x00000000c2200000,0x00000000c2a85718,0x00000000c4280000)
 Metaspace       used 25712K, capacity 25954K, committed 26240K, reserved 1073152K
  class space    used 3115K, capacity 3170K, committed 3200K, reserved 1048576K
}

Deoptimization events (10 events):
Event: 17.059 Thread 0x000000005973a800 Uncommon trap: reason=unhandled action=none pc=0x0000000002f6d83c method=java.net.URLClassLoader.findClass(Ljava/lang/String;)Ljava/lang/Class; @ 44
Event: 17.060 Thread 0x000000005973a800 Uncommon trap: reason=unhandled action=none pc=0x0000000002f6d83c method=java.net.URLClassLoader.findClass(Ljava/lang/String;)Ljava/lang/Class; @ 44
Event: 17.061 Thread 0x000000005973a800 Uncommon trap: reason=unhandled action=none pc=0x0000000002f6d83c method=java.net.URLClassLoader.findClass(Ljava/lang/String;)Ljava/lang/Class; @ 44
Event: 17.062 Thread 0x000000005973a800 Uncommon trap: reason=unhandled action=none pc=0x0000000002f6d83c method=java.net.URLClassLoader.findClass(Ljava/lang/String;)Ljava/lang/Class; @ 44
Event: 17.064 Thread 0x000000005973a800 Uncommon trap: reason=unhandled action=none pc=0x0000000002f6d83c method=java.net.URLClassLoader.findClass(Ljava/lang/String;)Ljava/lang/Class; @ 44
Event: 36.651 Thread 0x000000005d40f000 Uncommon trap: reason=unhandled action=none pc=0x0000000002f6d83c method=java.net.URLClassLoader.findClass(Ljava/lang/String;)Ljava/lang/Class; @ 44
Event: 36.653 Thread 0x000000005d40f000 Uncommon trap: reason=predicate action=maybe_recompile pc=0x0000000003032ac8 method=java.util.AbstractCollection.addAll(Ljava/util/Collection;)Z @ 18
Event: 36.654 Thread 0x000000005d40f000 Uncommon trap: reason=unhandled action=none pc=0x0000000002f6d83c method=java.net.URLClassLoader.findClass(Ljava/lang/String;)Ljava/lang/Class; @ 44
Event: 40.146 Thread 0x000000005973a800 Uncommon trap: reason=unhandled action=none pc=0x0000000002f6d83c method=java.net.URLClassLoader.findClass(Ljava/lang/String;)Ljava/lang/Class; @ 44
Event: 40.147 Thread 0x000000005973a800 Uncommon trap: reason=unhandled action=none pc=0x0000000002f6d83c method=java.net.URLClassLoader.findClass(Ljava/lang/String;)Ljava/lang/Class; @ 44

Internal exceptions (10 events):
Event: 16.904 Thread 0x000000005973a800 Exception <a 'java/lang/ClassNotFoundException': java/lang/ObjectCustomizer> (0x00000000f0b0c120) thrown at [D:\re\workspace\8-2-build-windows-amd64-cygwin\jdk8u77\6540\hotspot\src\share\vm\classfile\systemDictionary.cpp, line 210]
Event: 16.906 Thread 0x000000005973a800 Exception <a 'java/lang/ClassNotFoundException': org/springframework/web/servlet/i18n/AcceptHeaderLocaleResolverCustomizer> (0x00000000f0b1efa0) thrown at [D:\re\workspace\8-2-build-windows-amd64-cygwin\jdk8u77\6540\hotspot\src\share\vm\classfile\systemDic}¨éõË0@
Event: 16.909 Thread 0x000000005973a800 Exception <a 'java/lang/ClassNotFoundException': java/lang/ObjectCustomizer> (0x00000000f0b37998) thrown at [D:\re\workspace\8-2-build-windows-amd64-cygwin\jdk8u77\6540\hotspot\src\share\vm\classfile\systemDictionary.cpp, line 210]
Event: 16.910 Thread 0x000000005973a800 Exception <a 'java/lang/ClassNotFoundException': org/springframework/web/servlet/theme/AbstractThemeResolverCustomizer> (0x00000000f0b4a238) thrown at [D:\re\workspace\8-2-build-windows-amd64-cygwin\jdk8u77\6540\hotspot\src\share\vm\classfile\systemDiction6"Ì-8È0@
Event: 16.911 Thread 0x000000005973a800 Exception <a 'java/lang/ClassNotFoundException': org/springframework/web/servlet/theme/FixedThemeResolverCustomizer> (0x00000000f0b5c168) thrown at [D:\re\workspace\8-2-build-windows-amd64-cygwin\jdk8u77\6540\hotspot\src\share\vm\classfile\systemDictionaryc¬›≠ÄÍ0@
Event: 16.916 Thread 0x000000005973a800 Exception <a 'java/lang/ClassNotFoundException': java/lang/ObjectCustomizer> (0x00000000f0b78380) thrown at [D:\re\workspace\8-2-build-windows-amd64-cygwin\jdk8u77\6540\hotspot\src\share\vm\classfile\systemDictionary.cpp, line 210]
Event: 16.918 Thread 0x000000005973a800 Exception <a 'java/lang/ClassNotFoundException': org/springframework/web/servlet/view/DefaultRequestToViewNameTranslatorCustomizer> (0x00000000f0b8c3c0) thrown at [D:\re\workspace\8-2-build-windows-amd64-cygwin\jdk8u77\6540\hotspot\src\share\vm\classfile\sHUìJÌ0@
Event: 16.927 Thread 0x000000005973a800 Exception <a 'java/lang/ClassNotFoundException': java/lang/ObjectCustomizer> (0x00000000f0bc7630) thrown at [D:\re\workspace\8-2-build-windows-amd64-cygwin\jdk8u77\6540\hotspot\src\share\vm\classfile\systemDictionary.cpp, line 210]
Event: 16.929 Thread 0x000000005973a800 Exception <a 'java/lang/ClassNotFoundException': org/springframework/web/servlet/support/AbstractFlashMapManagerCustomizer> (0x00000000f0bda7e0) thrown at [D:\re\workspace\8-2-build-windows-amd64-cygwin\jdk8u77\6540\hotspot\src\share\vm\classfile\systemDicà©
Event: 16.931 Thread 0x000000005973a800 Exception <a 'java/lang/ClassNotFoundException': org/springframework/web/servlet/support/SessionFlashMapManagerCustomizer> (0x00000000f0bf1590) thrown at [D:\re\workspace\8-2-build-windows-amd64-cygwin\jdk8u77\6540\hotspot\src\share\vm\classfile\systemDictò\’ÅgÁ0@

Events (10 events):
Event: 177.869 Thread 0x00000000563e3800 flushing nmethod 0x0000000002853e50
Event: 177.870 Thread 0x00000000563e3800 flushing nmethod 0x00000000028c4a90
Event: 177.871 Thread 0x00000000563e3800 flushing nmethod 0x000000000291e350
Event: 177.871 Thread 0x00000000563e3800 flushing nmethod 0x0000000002956850
Event: 177.872 Thread 0x00000000563e3800 flushing nmethod 0x0000000002966150
Event: 198.875 Thread 0x00000000563e3800 flushing nmethod 0x0000000002993250
Event: 200.057 Thread 0x00000000563e3800 flushing nmethod 0x0000000002a22290
Event: 200.057 Thread 0x00000000563e3800 flushing nmethod 0x0000000002a31950
Event: 206.079 Executing VM operation: RedefineClasses
Event: 206.116 Executing VM operation: RedefineClasses done


Dynamic libraries:
0x000000013ff50000 - 0x000000013ff87000 	C:\Program Files\Java\jdk1.8.0_77\bin\javaw.exe
0x0000000076fa0000 - 0x000000007714b000 	C:\Windows\SYSTEM32\ntdll.dll
0x0000000076e80000 - 0x0000000076f9f000 	C:\Windows\system32\kernel32.dll
0x000007fefcfb0000 - 0x000007fefd01b000 	C:\Windows\system32\KERNELBASE.dll
0x000007fefe2c0000 - 0x000007fefe39b000 	C:\Windows\system32\ADVAPI32.dll
0x000007fefe090000 - 0x000007fefe12f000 	C:\Windows\system32\msvcrt.dll
0x000007fefd2f0000 - 0x000007fefd30f000 	C:\Windows\SYSTEM32\sechost.dll
0x000007fefe140000 - 0x000007fefe26e000 	C:\Windows\system32\RPCRT4.dll
0x0000000076d80000 - 0x0000000076e7a000 	C:\Windows\system32\USER32.dll
0x000007fefd4a0000 - 0x000007fefd507000 	C:\Windows\system32\GDI32.dll
0x000007fefd490000 - 0x000007fefd49e000 	C:\Windows\system32\LPK.dll
0x000007fefe450000 - 0x000007fefe51a000 	C:\Windows\system32\USP10.dll
0x000007fefb990000 - 0x000007fefbb84000 	C:\Windows\WinSxS\amd64_microsoft.windows.common-controls_6595b64144ccf1df_6.0.7600.16385_none_fa645303170382f6\COMCTL32.dll
0x000007fefd510000 - 0x000007fefd581000 	C:\Windows\system32\SHLWAPI.dll
0x000007fefe3a0000 - 0x000007fefe3ce000 	C:\Windows\system32\IMM32.DLL
0x000007fefdf30000 - 0x000007fefe039000 	C:\Windows\system32\MSCTF.dll
0x0000000068d40000 - 0x0000000068e12000 	C:\Program Files\Java\jdk1.8.0_77\jre\bin\msvcr100.dll
0x0000000069970000 - 0x000000006a200000 	C:\Program Files\Java\jdk1.8.0_77\jre\bin\server\jvm.dll
0x000007fef8600000 - 0x000007fef8609000 	C:\Windows\system32\WSOCK32.dll
0x000007fefe040000 - 0x000007fefe08d000 	C:\Windows\system32\WS2_32.dll
0x000007fefe130000 - 0x000007fefe138000 	C:\Windows\system32\NSI.dll
0x000007fef96f0000 - 0x000007fef972b000 	C:\Windows\system32\WINMM.dll
0x000007fefbe40000 - 0x000007fefbe4c000 	C:\Windows\system32\VERSION.dll
0x0000000077170000 - 0x0000000077177000 	C:\Windows\system32\PSAPI.DLL
0x0000000074c20000 - 0x0000000074c2f000 	C:\Program Files\Java\jdk1.8.0_77\jre\bin\verify.dll
0x000000006c990000 - 0x000000006c9b9000 	C:\Program Files\Java\jdk1.8.0_77\jre\bin\java.dll
0x000000006a5e0000 - 0x000000006a615000 	C:\Program Files\Java\jdk1.8.0_77\jre\bin\jdwp.dll
0x000000006a650000 - 0x000000006a658000 	C:\Program Files\Java\jdk1.8.0_77\jre\bin\npt.dll
0x000000006c970000 - 0x000000006c986000 	C:\Program Files\Java\jdk1.8.0_77\jre\bin\zip.dll
0x000007fefe520000 - 0x000007feff2a6000 	C:\Windows\system32\SHELL32.dll
0x000007fefd590000 - 0x000007fefd791000 	C:\Windows\system32\ole32.dll
0x000007fefcf00000 - 0x000007fefcf0f000 	C:\Windows\system32\profapi.dll
0x000000006c910000 - 0x000000006c919000 	C:\Program Files\Java\jdk1.8.0_77\jre\bin\dt_socket.dll
0x000007fefb060000 - 0x000007fefb075000 	C:\Windows\system32\NLAapi.dll
0x000007fefc770000 - 0x000007fefc7c4000 	C:\Windows\System32\mswsock.dll
0x000007fefc5f0000 - 0x000007fefc64b000 	C:\Windows\system32\DNSAPI.dll
0x000007fef40d0000 - 0x000007fef40db000 	C:\Windows\System32\winrnr.dll
0x000007fef2e20000 - 0x000007fef2e35000 	C:\Windows\system32\napinsp.dll
0x000007fef2e00000 - 0x000007fef2e19000 	C:\Windows\system32\pnrpnsp.dll
0x0000000073870000 - 0x0000000073896000 	C:\Program Files\Bonjour\mdnsNSP.dll
0x000007feface0000 - 0x000007fefad07000 	C:\Windows\system32\Iphlpapi.DLL
0x000007fefad20000 - 0x000007fefad2b000 	C:\Windows\system32\WINNSI.DLL
0x000007fefac70000 - 0x000007fefacc3000 	C:\Windows\System32\fwpuclnt.dll
0x000007fef96e0000 - 0x000007fef96e8000 	C:\Windows\system32\rasadhlp.dll
0x000007fefc140000 - 0x000007fefc147000 	C:\Windows\System32\wshtcpip.dll
0x000000006a640000 - 0x000000006a64d000 	C:\Program Files\Java\jdk1.8.0_77\jre\bin\management.dll
0x000000006c950000 - 0x000000006c96a000 	C:\Program Files\Java\jdk1.8.0_77\jre\bin\net.dll
0x000007fefc760000 - 0x000007fefc767000 	C:\Windows\System32\wship6.dll
0x000000006a7d0000 - 0x000000006a7e1000 	C:\Program Files\Java\jdk1.8.0_77\jre\bin\nio.dll
0x000007fefc7d0000 - 0x000007fefc7e7000 	C:\Windows\system32\CRYPTSP.dll
0x000007fefc4d0000 - 0x000007fefc517000 	C:\Windows\system32\rsaenh.dll
0x000007fefc240000 - 0x000007fefc25e000 	C:\Windows\system32\USERENV.dll
0x000007fefce30000 - 0x000007fefce3f000 	C:\Windows\system32\CRYPTBASE.dll
0x000007fefab30000 - 0x000007fefab48000 	C:\Windows\system32\dhcpcsvc.DLL
0x000007fefab10000 - 0x000007fefab21000 	C:\Windows\system32\dhcpcsvc6.DLL
0x000007fef0490000 - 0x000007fef05b5000 	C:\Windows\system32\dbghelp.dll

VM Arguments:
jvm_args: -agentlib:jdwp=transport=dt_socket,suspend=y,address=localhost:51484 -Dcom.sun.management.jmxremote -Dcom.sun.management.jmxremote.port=51483 -Dcom.sun.management.jmxremote.authenticate=false -Dcom.sun.management.jmxremote.ssl=false -Dspring.liveBeansView.mbeanDomain -Dspring.application.admin.enabled=true -Dfile.encoding=UTF-8 
java_command: com.intelliment.DemoApplication --spring.output.ansi.enabled=always
java_class_path (initial): D:\exams\demo\target\classes;C:\Users\Dell\.m2\repository\org\springframework\boot\spring-boot-starter-security\1.3.5.RELEASE\spring-boot-starter-security-1.3.5.RELEASE.jar;C:\Users\Dell\.m2\repository\org\springframework\boot\spring-boot-starter\1.3.5.RELEASE\spring-boot-starter-1.3.5.RELEASE.jar;C:\Users\Dell\.m2\repository\org\springframework\boot\spring-boot\1.3.5.RELEASE\spring-boot-1.3.5.RELEASE.jar;C:\Users\Dell\.m2\repository\org\springframework\boot\spring-boot-autoconfigure\1.3.5.RELEASE\spring-boot-autoconfigure-1.3.5.RELEASE.jar;C:\Users\Dell\.m2\repository\org\springframework\boot\spring-boot-starter-logging\1.3.5.RELEASE\spring-boot-starter-logging-1.3.5.RELEASE.jar;C:\Users\Dell\.m2\repository\ch\qos\logback\logback-classic\1.1.7\logback-classic-1.1.7.jar;C:\Users\Dell\.m2\repository\ch\qos\logback\logback-core\1.1.7\logback-core-1.1.7.jar;C:\Users\Dell\.m2\repository\org\slf4j\slf4j-api\1.7.21\slf4j-api-1.7.21.jar;C:\Users\Dell\.m2\repository\org\slf4j\jcl-over-slf4j\1.7.21\jcl-over-slf4j-1.7.21.jar;C:\Users\Dell\.m2\repository\org\slf4j\jul-to-slf4j\1.7.21\jul-to-slf4j-1.7.21.jar;C:\Users\Dell\.m2\repository\org\slf4j\log4j-over-slf4j\1.7.21\log4j-over-slf4j-1.7.21.jar;C:\Users\Dell\.m2\repository\org\yaml\snakeyaml\1.16\snakeyaml-1.16.jar;C:\Users\Dell\.m2\repository\org\springframework\spring-aop\4.2.6.RELEASE\spring-aop-4.2.6.RELEASE.jar;C:\Users\Dell\.m2\repository\aopalliance\aopalliance\1.0\aopalliance-1.0.jar;C:\Users\Dell\.m2\repository\org\springframework\spring-beans\4.2.6.RELEASE\spring-beans-4.2.6.RELEASE.jar;C:\Users\Dell\.m2\repository\org\springframework\security\spring-security-config\4.0.4.RELEASE\spring-security-config-4.0.4.RELEASE.jar;C:\Users\Dell\.m2\repository\org\springframework\security\spring-security-core\4.0.4.RELEASE\spring-security-core-4.0.4.RELEASE.jar;C:\Users\Dell\.m2\repository\org\springframework\spring-context\4.2.6.RELEASE\spring-context-4.2.6.RELEASE.jar;C:\Users\Dell\.m2\repository
Launcher Type: SUN_STANDARD

Environment Variables:
JAVA_HOME=C:\Program Files\Java\jdk1.8.0_77
PATH=C:\Program Files\Java\jdk1.8.0_77\jre\bin;C:/Program Files/Java/jdk1.8.0_77/bin/../jre/bin/server;C:/Program Files/Java/jdk1.8.0_77/bin/../jre/bin;C:/Program Files/Java/jdk1.8.0_77/bin/../jre/lib/amd64;C:\Program Files\Java\jdk1.8.0_77\bin;C:\ProgramData\Oracle\Java\javapath;C:\Windows\system32;C:\Windows;C:\Windows\System32\Wbem;C:\Windows\System32\WindowsPowerShell\v1.0\;C:\Program Files (x86)\Skype\Phone\;D:\IDES\STS\sts-bundle\sts-3.7.3.RELEASE;
USERNAME=Dell
OS=Windows_NT
PROCESSOR_IDENTIFIER=Intel64 Family 6 Model 37 Stepping 2, GenuineIntel



---------------  S Y S T E M  ---------------

OS: Windows 7 , 64 bit Build 7600 (6.1.7600.16385)

CPU:total 4 (2 cores per cpu, 2 threads per core) family 6 model 37 stepping 2, cmov, cx8, fxsr, mmx, sse, sse2, sse3, ssse3, sse4.1, sse4.2, popcnt, ht, tsc, tscinvbit

Memory: 4k page, physical 4053564k(1049232k free), swap 8105232k(4028892k free)

vm_info: Java HotSpot(TM) 64-Bit Server VM (25.77-b03) for windows-amd64 JRE (1.8.0_77-b03), built on Mar 20 2016 22:01:33 by "java_re" with MS VC++ 10.0 (VS2010)

time: Mon Jun 20 07:37:00 2016
elapsed time: 206 seconds (0d 0h 3m 26s)

